{"/Users/leon/Code/levity/packages/core/src/PersistQueue.ts": {"path":"/Users/leon/Code/levity/packages/core/src/PersistQueue.ts","statementMap":{"0":{"start":{"line":16,"column":2},"end":{"line":16,"column":null}},"1":{"start":{"line":17,"column":2},"end":{"line":17,"column":null}},"2":{"start":{"line":18,"column":2},"end":{"line":18,"column":null}},"3":{"start":{"line":22,"column":4},"end":{"line":26,"column":null}},"4":{"start":{"line":30,"column":4},"end":{"line":33,"column":null}},"5":{"start":{"line":35,"column":4},"end":{"line":37,"column":null}},"6":{"start":{"line":36,"column":6},"end":{"line":36,"column":null}},"7":{"start":{"line":39,"column":4},"end":{"line":41,"column":null}},"8":{"start":{"line":40,"column":6},"end":{"line":40,"column":null}},"9":{"start":{"line":45,"column":4},"end":{"line":48,"column":null}},"10":{"start":{"line":46,"column":6},"end":{"line":46,"column":null}},"11":{"start":{"line":47,"column":6},"end":{"line":47,"column":null}},"12":{"start":{"line":50,"column":4},"end":{"line":52,"column":null}},"13":{"start":{"line":51,"column":6},"end":{"line":51,"column":null}},"14":{"start":{"line":54,"column":4},"end":{"line":54,"column":null}},"15":{"start":{"line":55,"column":24},"end":{"line":55,"column":null}},"16":{"start":{"line":56,"column":4},"end":{"line":56,"column":null}},"17":{"start":{"line":58,"column":34},"end":{"line":58,"column":null}},"18":{"start":{"line":60,"column":4},"end":{"line":86,"column":null}},"19":{"start":{"line":60,"column":23},"end":{"line":60,"column":26}},"20":{"start":{"line":61,"column":6},"end":{"line":85,"column":null}},"21":{"start":{"line":62,"column":23},"end":{"line":62,"column":null}},"22":{"start":{"line":63,"column":30},"end":{"line":63,"column":null}},"23":{"start":{"line":65,"column":25},"end":{"line":68,"column":null}},"24":{"start":{"line":70,"column":8},"end":{"line":76,"column":null}},"25":{"start":{"line":78,"column":8},"end":{"line":78,"column":null}},"26":{"start":{"line":79,"column":8},"end":{"line":79,"column":null}},"27":{"start":{"line":81,"column":8},"end":{"line":81,"column":null}},"28":{"start":{"line":82,"column":8},"end":{"line":84,"column":null}},"29":{"start":{"line":83,"column":10},"end":{"line":83,"column":null}},"30":{"start":{"line":89,"column":4},"end":{"line":92,"column":null}},"31":{"start":{"line":94,"column":4},"end":{"line":98,"column":null}},"32":{"start":{"line":95,"column":6},"end":{"line":95,"column":null}},"33":{"start":{"line":97,"column":6},"end":{"line":97,"column":null}},"34":{"start":{"line":100,"column":4},"end":{"line":100,"column":null}},"35":{"start":{"line":104,"column":4},"end":{"line":104,"column":null}},"36":{"start":{"line":104,"column":36},"end":{"line":104,"column":59}},"37":{"start":{"line":108,"column":4},"end":{"line":108,"column":null}},"38":{"start":{"line":112,"column":4},"end":{"line":112,"column":null}}},"fnMap":{"0":{"name":"(anonymous_0)","decl":{"start":{"line":21,"column":2},"end":{"line":21,"column":14}},"loc":{"start":{"line":21,"column":44},"end":{"line":27,"column":null}},"line":21},"1":{"name":"(anonymous_1)","decl":{"start":{"line":29,"column":2},"end":{"line":29,"column":8}},"loc":{"start":{"line":29,"column":32},"end":{"line":42,"column":null}},"line":29},"2":{"name":"(anonymous_2)","decl":{"start":{"line":39,"column":32},"end":{"line":39,"column":38}},"loc":{"start":{"line":39,"column":38},"end":{"line":41,"column":7}},"line":39},"3":{"name":"(anonymous_3)","decl":{"start":{"line":44,"column":8},"end":{"line":44,"column":31}},"loc":{"start":{"line":44,"column":31},"end":{"line":101,"column":null}},"line":44},"4":{"name":"(anonymous_4)","decl":{"start":{"line":103,"column":10},"end":{"line":103,"column":16}},"loc":{"start":{"line":103,"column":43},"end":{"line":105,"column":null}},"line":103},"5":{"name":"(anonymous_5)","decl":{"start":{"line":104,"column":23},"end":{"line":104,"column":24}},"loc":{"start":{"line":104,"column":36},"end":{"line":104,"column":59}},"line":104},"6":{"name":"(anonymous_6)","decl":{"start":{"line":107,"column":2},"end":{"line":107,"column":24}},"loc":{"start":{"line":107,"column":24},"end":{"line":109,"column":null}},"line":107},"7":{"name":"(anonymous_7)","decl":{"start":{"line":111,"column":2},"end":{"line":111,"column":20}},"loc":{"start":{"line":111,"column":20},"end":{"line":113,"column":null}},"line":111}},"branchMap":{"0":{"loc":{"start":{"line":35,"column":4},"end":{"line":37,"column":null}},"type":"if","locations":[{"start":{"line":35,"column":4},"end":{"line":37,"column":null}},{"start":{},"end":{}}],"line":35},"1":{"loc":{"start":{"line":45,"column":4},"end":{"line":48,"column":null}},"type":"if","locations":[{"start":{"line":45,"column":4},"end":{"line":48,"column":null}},{"start":{},"end":{}}],"line":45},"2":{"loc":{"start":{"line":50,"column":4},"end":{"line":52,"column":null}},"type":"if","locations":[{"start":{"line":50,"column":4},"end":{"line":52,"column":null}},{"start":{},"end":{}}],"line":50},"3":{"loc":{"start":{"line":50,"column":8},"end":{"line":50,"column":46}},"type":"binary-expr","locations":[{"start":{"line":50,"column":8},"end":{"line":50,"column":29}},{"start":{"line":50,"column":29},"end":{"line":50,"column":46}}],"line":50},"4":{"loc":{"start":{"line":63,"column":30},"end":{"line":63,"column":null}},"type":"binary-expr","locations":[{"start":{"line":63,"column":30},"end":{"line":63,"column":71}},{"start":{"line":63,"column":71},"end":{"line":63,"column":null}}],"line":63},"5":{"loc":{"start":{"line":82,"column":8},"end":{"line":84,"column":null}},"type":"if","locations":[{"start":{"line":82,"column":8},"end":{"line":84,"column":null}},{"start":{},"end":{}}],"line":82},"6":{"loc":{"start":{"line":94,"column":4},"end":{"line":98,"column":null}},"type":"if","locations":[{"start":{"line":94,"column":4},"end":{"line":98,"column":null}},{"start":{"line":96,"column":11},"end":{"line":98,"column":null}}],"line":94}},"s":{"0":16,"1":16,"2":16,"3":16,"4":12,"5":12,"6":1,"7":12,"8":2,"9":12,"10":10,"11":10,"12":12,"13":2,"14":10,"15":10,"16":10,"17":10,"18":10,"19":10,"20":14,"21":14,"22":14,"23":14,"24":14,"25":9,"26":9,"27":5,"28":5,"29":4,"30":1,"31":1,"32":1,"33":0,"34":1,"35":4,"36":4,"37":2,"38":0},"f":{"0":16,"1":12,"2":2,"3":12,"4":4,"5":4,"6":2,"7":0},"b":{"0":[1,11],"1":[10,2],"2":[2,10],"3":[12,10],"4":[14,14],"5":[4,1],"6":[1,0]},"meta":{"lastBranch":7,"lastFunction":8,"lastStatement":39,"seen":{"f:21:2:21:14":0,"s:16:2:16:Infinity":0,"s:17:2:17:Infinity":1,"s:18:2:18:Infinity":2,"s:22:4:26:Infinity":3,"f:29:2:29:8":1,"s:30:4:33:Infinity":4,"b:35:4:37:Infinity:undefined:undefined:undefined:undefined":0,"s:35:4:37:Infinity":5,"s:36:6:36:Infinity":6,"s:39:4:41:Infinity":7,"f:39:32:39:38":2,"s:40:6:40:Infinity":8,"f:44:8:44:31":3,"b:45:4:48:Infinity:undefined:undefined:undefined:undefined":1,"s:45:4:48:Infinity":9,"s:46:6:46:Infinity":10,"s:47:6:47:Infinity":11,"b:50:4:52:Infinity:undefined:undefined:undefined:undefined":2,"s:50:4:52:Infinity":12,"b:50:8:50:29:50:29:50:46":3,"s:51:6:51:Infinity":13,"s:54:4:54:Infinity":14,"s:55:24:55:Infinity":15,"s:56:4:56:Infinity":16,"s:58:34:58:Infinity":17,"s:60:4:86:Infinity":18,"s:60:23:60:26":19,"s:61:6:85:Infinity":20,"s:62:23:62:Infinity":21,"s:63:30:63:Infinity":22,"b:63:30:63:71:63:71:63:Infinity":4,"s:65:25:68:Infinity":23,"s:70:8:76:Infinity":24,"s:78:8:78:Infinity":25,"s:79:8:79:Infinity":26,"s:81:8:81:Infinity":27,"b:82:8:84:Infinity:undefined:undefined:undefined:undefined":5,"s:82:8:84:Infinity":28,"s:83:10:83:Infinity":29,"s:89:4:92:Infinity":30,"b:94:4:98:Infinity:96:11:98:Infinity":6,"s:94:4:98:Infinity":31,"s:95:6:95:Infinity":32,"s:97:6:97:Infinity":33,"s:100:4:100:Infinity":34,"f:103:10:103:16":4,"s:104:4:104:Infinity":35,"f:104:23:104:24":5,"s:104:36:104:59":36,"f:107:2:107:24":6,"s:108:4:108:Infinity":37,"f:111:2:111:20":7,"s:112:4:112:Infinity":38}}}
,"/Users/leon/Code/levity/packages/core/src/StateManager.ts": {"path":"/Users/leon/Code/levity/packages/core/src/StateManager.ts","statementMap":{"0":{"start":{"line":9,"column":2},"end":{"line":9,"column":null}},"1":{"start":{"line":10,"column":2},"end":{"line":10,"column":null}},"2":{"start":{"line":13,"column":4},"end":{"line":13,"column":null}},"3":{"start":{"line":18,"column":4},"end":{"line":18,"column":null}},"4":{"start":{"line":23,"column":4},"end":{"line":23,"column":null}},"5":{"start":{"line":28,"column":21},"end":{"line":28,"column":null}},"6":{"start":{"line":29,"column":4},"end":{"line":29,"column":null}},"7":{"start":{"line":29,"column":36},"end":{"line":29,"column":null}},"8":{"start":{"line":31,"column":4},"end":{"line":31,"column":null}},"9":{"start":{"line":32,"column":4},"end":{"line":32,"column":null}},"10":{"start":{"line":33,"column":4},"end":{"line":33,"column":null}},"11":{"start":{"line":38,"column":37},"end":{"line":38,"column":null}},"12":{"start":{"line":40,"column":4},"end":{"line":47,"column":null}},"13":{"start":{"line":41,"column":20},"end":{"line":41,"column":null}},"14":{"start":{"line":42,"column":6},"end":{"line":46,"column":null}},"15":{"start":{"line":43,"column":8},"end":{"line":43,"column":null}},"16":{"start":{"line":44,"column":8},"end":{"line":44,"column":null}},"17":{"start":{"line":45,"column":8},"end":{"line":45,"column":null}},"18":{"start":{"line":49,"column":4},"end":{"line":51,"column":null}},"19":{"start":{"line":50,"column":6},"end":{"line":50,"column":null}},"20":{"start":{"line":56,"column":37},"end":{"line":56,"column":null}},"21":{"start":{"line":58,"column":4},"end":{"line":62,"column":null}},"22":{"start":{"line":59,"column":6},"end":{"line":61,"column":null}},"23":{"start":{"line":60,"column":8},"end":{"line":60,"column":null}},"24":{"start":{"line":64,"column":4},"end":{"line":64,"column":null}},"25":{"start":{"line":66,"column":4},"end":{"line":68,"column":null}},"26":{"start":{"line":67,"column":6},"end":{"line":67,"column":null}},"27":{"start":{"line":70,"column":4},"end":{"line":72,"column":null}},"28":{"start":{"line":71,"column":6},"end":{"line":71,"column":null}},"29":{"start":{"line":74,"column":4},"end":{"line":74,"column":null}},"30":{"start":{"line":79,"column":4},"end":{"line":81,"column":null}},"31":{"start":{"line":80,"column":6},"end":{"line":80,"column":null}},"32":{"start":{"line":82,"column":4},"end":{"line":82,"column":null}},"33":{"start":{"line":84,"column":4},"end":{"line":86,"column":null}},"34":{"start":{"line":85,"column":6},"end":{"line":85,"column":null}},"35":{"start":{"line":91,"column":4},"end":{"line":91,"column":null}},"36":{"start":{"line":92,"column":4},"end":{"line":94,"column":null}},"37":{"start":{"line":93,"column":6},"end":{"line":93,"column":null}},"38":{"start":{"line":98,"column":24},"end":{"line":98,"column":null}},"39":{"start":{"line":99,"column":4},"end":{"line":107,"column":null}},"40":{"start":{"line":100,"column":6},"end":{"line":106,"column":null}},"41":{"start":{"line":101,"column":8},"end":{"line":105,"column":null}},"42":{"start":{"line":102,"column":10},"end":{"line":102,"column":null}},"43":{"start":{"line":104,"column":10},"end":{"line":104,"column":null}},"44":{"start":{"line":111,"column":4},"end":{"line":117,"column":null}},"45":{"start":{"line":112,"column":6},"end":{"line":116,"column":null}},"46":{"start":{"line":113,"column":8},"end":{"line":113,"column":null}},"47":{"start":{"line":115,"column":8},"end":{"line":115,"column":null}}},"fnMap":{"0":{"name":"(anonymous_0)","decl":{"start":{"line":12,"column":2},"end":{"line":12,"column":14}},"loc":{"start":{"line":12,"column":26},"end":{"line":14,"column":null}},"line":12},"1":{"name":"(anonymous_1)","decl":{"start":{"line":17,"column":2},"end":{"line":17,"column":25}},"loc":{"start":{"line":17,"column":39},"end":{"line":19,"column":null}},"line":17},"2":{"name":"(anonymous_2)","decl":{"start":{"line":22,"column":2},"end":{"line":22,"column":14}},"loc":{"start":{"line":22,"column":14},"end":{"line":24,"column":null}},"line":22},"3":{"name":"(anonymous_3)","decl":{"start":{"line":27,"column":2},"end":{"line":27,"column":28}},"loc":{"start":{"line":27,"column":77},"end":{"line":34,"column":null}},"line":27},"4":{"name":"(anonymous_4)","decl":{"start":{"line":37,"column":2},"end":{"line":37,"column":17}},"loc":{"start":{"line":37,"column":66},"end":{"line":52,"column":null}},"line":37},"5":{"name":"(anonymous_5)","decl":{"start":{"line":55,"column":2},"end":{"line":55,"column":15}},"loc":{"start":{"line":55,"column":63},"end":{"line":75,"column":null}},"line":55},"6":{"name":"(anonymous_6)","decl":{"start":{"line":78,"column":2},"end":{"line":78,"column":31}},"loc":{"start":{"line":78,"column":83},"end":{"line":87,"column":null}},"line":78},"7":{"name":"(anonymous_7)","decl":{"start":{"line":84,"column":11},"end":{"line":84,"column":17}},"loc":{"start":{"line":84,"column":17},"end":{"line":86,"column":null}},"line":84},"8":{"name":"(anonymous_8)","decl":{"start":{"line":90,"column":2},"end":{"line":90,"column":15}},"loc":{"start":{"line":90,"column":56},"end":{"line":95,"column":null}},"line":90},"9":{"name":"(anonymous_9)","decl":{"start":{"line":92,"column":11},"end":{"line":92,"column":17}},"loc":{"start":{"line":92,"column":17},"end":{"line":94,"column":null}},"line":92},"10":{"name":"(anonymous_10)","decl":{"start":{"line":97,"column":10},"end":{"line":97,"column":39}},"loc":{"start":{"line":97,"column":88},"end":{"line":108,"column":null}},"line":97},"11":{"name":"(anonymous_11)","decl":{"start":{"line":110,"column":10},"end":{"line":110,"column":20}},"loc":{"start":{"line":110,"column":74},"end":{"line":118,"column":null}},"line":110}},"branchMap":{"0":{"loc":{"start":{"line":29,"column":4},"end":{"line":29,"column":null}},"type":"if","locations":[{"start":{"line":29,"column":4},"end":{"line":29,"column":null}},{"start":{},"end":{}}],"line":29},"1":{"loc":{"start":{"line":42,"column":6},"end":{"line":46,"column":null}},"type":"if","locations":[{"start":{"line":42,"column":6},"end":{"line":46,"column":null}},{"start":{},"end":{}}],"line":42},"2":{"loc":{"start":{"line":49,"column":4},"end":{"line":51,"column":null}},"type":"if","locations":[{"start":{"line":49,"column":4},"end":{"line":51,"column":null}},{"start":{},"end":{}}],"line":49},"3":{"loc":{"start":{"line":59,"column":6},"end":{"line":61,"column":null}},"type":"if","locations":[{"start":{"line":59,"column":6},"end":{"line":61,"column":null}},{"start":{},"end":{}}],"line":59},"4":{"loc":{"start":{"line":70,"column":4},"end":{"line":72,"column":null}},"type":"if","locations":[{"start":{"line":70,"column":4},"end":{"line":72,"column":null}},{"start":{},"end":{}}],"line":70},"5":{"loc":{"start":{"line":79,"column":4},"end":{"line":81,"column":null}},"type":"if","locations":[{"start":{"line":79,"column":4},"end":{"line":81,"column":null}},{"start":{},"end":{}}],"line":79},"6":{"loc":{"start":{"line":99,"column":4},"end":{"line":107,"column":null}},"type":"if","locations":[{"start":{"line":99,"column":4},"end":{"line":107,"column":null}},{"start":{},"end":{}}],"line":99}},"s":{"0":21,"1":21,"2":21,"3":16,"4":5,"5":11,"6":11,"7":1,"8":10,"9":10,"10":10,"11":2,"12":2,"13":4,"14":4,"15":4,"16":4,"17":4,"18":2,"19":2,"20":4,"21":4,"22":8,"23":6,"24":4,"25":4,"26":6,"27":4,"28":3,"29":4,"30":4,"31":4,"32":4,"33":4,"34":1,"35":1,"36":1,"37":0,"38":20,"39":20,"40":4,"41":3,"42":3,"43":0,"44":15,"45":1,"46":1,"47":0},"f":{"0":21,"1":16,"2":5,"3":11,"4":2,"5":4,"6":4,"7":1,"8":1,"9":0,"10":20,"11":15},"b":{"0":[1,10],"1":[4,0],"2":[2,0],"3":[6,2],"4":[3,1],"5":[4,0],"6":[4,16]},"meta":{"lastBranch":7,"lastFunction":12,"lastStatement":48,"seen":{"f:12:2:12:14":0,"s:9:2:9:Infinity":0,"s:10:2:10:Infinity":1,"s:13:4:13:Infinity":2,"f:17:2:17:25":1,"s:18:4:18:Infinity":3,"f:22:2:22:14":2,"s:23:4:23:Infinity":4,"f:27:2:27:28":3,"s:28:21:28:Infinity":5,"b:29:4:29:Infinity:undefined:undefined:undefined:undefined":0,"s:29:4:29:Infinity":6,"s:29:36:29:Infinity":7,"s:31:4:31:Infinity":8,"s:32:4:32:Infinity":9,"s:33:4:33:Infinity":10,"f:37:2:37:17":4,"s:38:37:38:Infinity":11,"s:40:4:47:Infinity":12,"s:41:20:41:Infinity":13,"b:42:6:46:Infinity:undefined:undefined:undefined:undefined":1,"s:42:6:46:Infinity":14,"s:43:8:43:Infinity":15,"s:44:8:44:Infinity":16,"s:45:8:45:Infinity":17,"b:49:4:51:Infinity:undefined:undefined:undefined:undefined":2,"s:49:4:51:Infinity":18,"s:50:6:50:Infinity":19,"f:55:2:55:15":5,"s:56:37:56:Infinity":20,"s:58:4:62:Infinity":21,"b:59:6:61:Infinity:undefined:undefined:undefined:undefined":3,"s:59:6:61:Infinity":22,"s:60:8:60:Infinity":23,"s:64:4:64:Infinity":24,"s:66:4:68:Infinity":25,"s:67:6:67:Infinity":26,"b:70:4:72:Infinity:undefined:undefined:undefined:undefined":4,"s:70:4:72:Infinity":27,"s:71:6:71:Infinity":28,"s:74:4:74:Infinity":29,"f:78:2:78:31":6,"b:79:4:81:Infinity:undefined:undefined:undefined:undefined":5,"s:79:4:81:Infinity":30,"s:80:6:80:Infinity":31,"s:82:4:82:Infinity":32,"s:84:4:86:Infinity":33,"f:84:11:84:17":7,"s:85:6:85:Infinity":34,"f:90:2:90:15":8,"s:91:4:91:Infinity":35,"s:92:4:94:Infinity":36,"f:92:11:92:17":9,"s:93:6:93:Infinity":37,"f:97:10:97:39":10,"s:98:24:98:Infinity":38,"b:99:4:107:Infinity:undefined:undefined:undefined:undefined":6,"s:99:4:107:Infinity":39,"s:100:6:106:Infinity":40,"s:101:8:105:Infinity":41,"s:102:10:102:Infinity":42,"s:104:10:104:Infinity":43,"f:110:10:110:20":11,"s:111:4:117:Infinity":44,"s:112:6:116:Infinity":45,"s:113:8:113:Infinity":46,"s:115:8:115:Infinity":47}}}
,"/Users/leon/Code/levity/packages/core/src/SyncEngine.ts": {"path":"/Users/leon/Code/levity/packages/core/src/SyncEngine.ts","statementMap":{"0":{"start":{"line":19,"column":2},"end":{"line":19,"column":null}},"1":{"start":{"line":20,"column":2},"end":{"line":20,"column":null}},"2":{"start":{"line":21,"column":2},"end":{"line":21,"column":null}},"3":{"start":{"line":24,"column":4},"end":{"line":24,"column":null}},"4":{"start":{"line":29,"column":4},"end":{"line":29,"column":null}},"5":{"start":{"line":29,"column":23},"end":{"line":29,"column":null}},"6":{"start":{"line":31,"column":4},"end":{"line":38,"column":null}},"7":{"start":{"line":32,"column":6},"end":{"line":32,"column":null}},"8":{"start":{"line":32,"column":31},"end":{"line":32,"column":null}},"9":{"start":{"line":34,"column":26},"end":{"line":34,"column":null}},"10":{"start":{"line":35,"column":6},"end":{"line":37,"column":null}},"11":{"start":{"line":36,"column":8},"end":{"line":36,"column":null}},"12":{"start":{"line":40,"column":4},"end":{"line":40,"column":null}},"13":{"start":{"line":45,"column":4},"end":{"line":48,"column":null}},"14":{"start":{"line":46,"column":6},"end":{"line":46,"column":null}},"15":{"start":{"line":47,"column":6},"end":{"line":47,"column":null}},"16":{"start":{"line":53,"column":4},"end":{"line":53,"column":null}},"17":{"start":{"line":55,"column":4},"end":{"line":57,"column":null}},"18":{"start":{"line":56,"column":6},"end":{"line":56,"column":null}},"19":{"start":{"line":62,"column":4},"end":{"line":62,"column":null}},"20":{"start":{"line":67,"column":4},"end":{"line":67,"column":null}},"21":{"start":{"line":67,"column":26},"end":{"line":67,"column":null}},"22":{"start":{"line":69,"column":24},"end":{"line":69,"column":null}},"23":{"start":{"line":70,"column":23},"end":{"line":70,"column":null}},"24":{"start":{"line":73,"column":26},"end":{"line":73,"column":null}},"25":{"start":{"line":76,"column":4},"end":{"line":76,"column":null}},"26":{"start":{"line":77,"column":4},"end":{"line":83,"column":null}},"27":{"start":{"line":78,"column":6},"end":{"line":78,"column":null}},"28":{"start":{"line":80,"column":6},"end":{"line":82,"column":null}},"29":{"start":{"line":81,"column":8},"end":{"line":81,"column":null}},"30":{"start":{"line":88,"column":4},"end":{"line":91,"column":null}},"31":{"start":{"line":90,"column":6},"end":{"line":90,"column":null}},"32":{"start":{"line":93,"column":33},"end":{"line":93,"column":null}},"33":{"start":{"line":94,"column":20},"end":{"line":97,"column":null}},"34":{"start":{"line":99,"column":4},"end":{"line":120,"column":null}},"35":{"start":{"line":100,"column":25},"end":{"line":100,"column":null}},"36":{"start":{"line":101,"column":26},"end":{"line":101,"column":null}},"37":{"start":{"line":103,"column":6},"end":{"line":119,"column":null}},"38":{"start":{"line":104,"column":8},"end":{"line":104,"column":null}},"39":{"start":{"line":105,"column":6},"end":{"line":119,"column":null}},"40":{"start":{"line":106,"column":8},"end":{"line":106,"column":null}},"41":{"start":{"line":107,"column":6},"end":{"line":119,"column":null}},"42":{"start":{"line":108,"column":8},"end":{"line":108,"column":null}},"43":{"start":{"line":111,"column":53},"end":{"line":117,"column":null}},"44":{"start":{"line":118,"column":8},"end":{"line":118,"column":null}},"45":{"start":{"line":122,"column":4},"end":{"line":122,"column":null}}},"fnMap":{"0":{"name":"(anonymous_0)","decl":{"start":{"line":23,"column":2},"end":{"line":23,"column":14}},"loc":{"start":{"line":23,"column":45},"end":{"line":25,"column":null}},"line":23},"1":{"name":"(anonymous_1)","decl":{"start":{"line":28,"column":2},"end":{"line":28,"column":16}},"loc":{"start":{"line":28,"column":16},"end":{"line":41,"column":null}},"line":28},"2":{"name":"(anonymous_2)","decl":{"start":{"line":31,"column":20},"end":{"line":31,"column":21}},"loc":{"start":{"line":31,"column":43},"end":{"line":38,"column":null}},"line":31},"3":{"name":"(anonymous_3)","decl":{"start":{"line":44,"column":2},"end":{"line":44,"column":15}},"loc":{"start":{"line":44,"column":15},"end":{"line":49,"column":null}},"line":44},"4":{"name":"(anonymous_4)","decl":{"start":{"line":52,"column":2},"end":{"line":52,"column":25}},"loc":{"start":{"line":52,"column":25},"end":{"line":58,"column":null}},"line":52},"5":{"name":"(anonymous_5)","decl":{"start":{"line":55,"column":15},"end":{"line":55,"column":21}},"loc":{"start":{"line":55,"column":21},"end":{"line":57,"column":7}},"line":55},"6":{"name":"(anonymous_6)","decl":{"start":{"line":61,"column":2},"end":{"line":61,"column":26}},"loc":{"start":{"line":61,"column":26},"end":{"line":63,"column":null}},"line":61},"7":{"name":"(anonymous_7)","decl":{"start":{"line":66,"column":10},"end":{"line":66,"column":29}},"loc":{"start":{"line":66,"column":61},"end":{"line":84,"column":null}},"line":66},"8":{"name":"(anonymous_8)","decl":{"start":{"line":80,"column":17},"end":{"line":80,"column":23}},"loc":{"start":{"line":80,"column":23},"end":{"line":82,"column":9}},"line":80},"9":{"name":"(anonymous_9)","decl":{"start":{"line":87,"column":10},"end":{"line":87,"column":27}},"loc":{"start":{"line":87,"column":51},"end":{"line":123,"column":null}},"line":87}},"branchMap":{"0":{"loc":{"start":{"line":29,"column":4},"end":{"line":29,"column":null}},"type":"if","locations":[{"start":{"line":29,"column":4},"end":{"line":29,"column":null}},{"start":{},"end":{}}],"line":29},"1":{"loc":{"start":{"line":32,"column":6},"end":{"line":32,"column":null}},"type":"if","locations":[{"start":{"line":32,"column":6},"end":{"line":32,"column":null}},{"start":{},"end":{}}],"line":32},"2":{"loc":{"start":{"line":35,"column":6},"end":{"line":37,"column":null}},"type":"if","locations":[{"start":{"line":35,"column":6},"end":{"line":37,"column":null}},{"start":{},"end":{}}],"line":35},"3":{"loc":{"start":{"line":35,"column":10},"end":{"line":35,"column":49}},"type":"binary-expr","locations":[{"start":{"line":35,"column":10},"end":{"line":35,"column":25}},{"start":{"line":35,"column":25},"end":{"line":35,"column":49}}],"line":35},"4":{"loc":{"start":{"line":45,"column":4},"end":{"line":48,"column":null}},"type":"if","locations":[{"start":{"line":45,"column":4},"end":{"line":48,"column":null}},{"start":{},"end":{}}],"line":45},"5":{"loc":{"start":{"line":67,"column":4},"end":{"line":67,"column":null}},"type":"if","locations":[{"start":{"line":67,"column":4},"end":{"line":67,"column":null}},{"start":{},"end":{}}],"line":67},"6":{"loc":{"start":{"line":88,"column":4},"end":{"line":91,"column":null}},"type":"if","locations":[{"start":{"line":88,"column":4},"end":{"line":91,"column":null}},{"start":{},"end":{}}],"line":88},"7":{"loc":{"start":{"line":103,"column":6},"end":{"line":119,"column":null}},"type":"if","locations":[{"start":{"line":103,"column":6},"end":{"line":119,"column":null}},{"start":{"line":105,"column":6},"end":{"line":119,"column":null}}],"line":103},"8":{"loc":{"start":{"line":105,"column":6},"end":{"line":119,"column":null}},"type":"if","locations":[{"start":{"line":105,"column":6},"end":{"line":119,"column":null}},{"start":{"line":107,"column":6},"end":{"line":119,"column":null}}],"line":105},"9":{"loc":{"start":{"line":107,"column":6},"end":{"line":119,"column":null}},"type":"if","locations":[{"start":{"line":107,"column":6},"end":{"line":119,"column":null}},{"start":{"line":109,"column":13},"end":{"line":119,"column":null}}],"line":107}},"s":{"0":13,"1":13,"2":13,"3":13,"4":12,"5":0,"6":12,"7":7,"8":0,"9":7,"10":7,"11":2,"12":12,"13":6,"14":4,"15":4,"16":5,"17":5,"18":0,"19":5,"20":2,"21":0,"22":2,"23":2,"24":2,"25":2,"26":2,"27":2,"28":2,"29":2,"30":2,"31":1,"32":1,"33":1,"34":1,"35":2,"36":2,"37":2,"38":0,"39":2,"40":0,"41":2,"42":0,"43":2,"44":2,"45":1},"f":{"0":13,"1":12,"2":7,"3":6,"4":5,"5":0,"6":5,"7":2,"8":2,"9":2},"b":{"0":[0,12],"1":[0,7],"2":[2,5],"3":[7,7],"4":[4,2],"5":[0,2],"6":[1,1],"7":[0,2],"8":[0,2],"9":[0,2]},"meta":{"lastBranch":10,"lastFunction":10,"lastStatement":46,"seen":{"f:23:2:23:14":0,"s:19:2:19:Infinity":0,"s:20:2:20:Infinity":1,"s:21:2:21:Infinity":2,"s:24:4:24:Infinity":3,"f:28:2:28:16":1,"b:29:4:29:Infinity:undefined:undefined:undefined:undefined":0,"s:29:4:29:Infinity":4,"s:29:23:29:Infinity":5,"s:31:4:38:Infinity":6,"f:31:20:31:21":2,"b:32:6:32:Infinity:undefined:undefined:undefined:undefined":1,"s:32:6:32:Infinity":7,"s:32:31:32:Infinity":8,"s:34:26:34:Infinity":9,"b:35:6:37:Infinity:undefined:undefined:undefined:undefined":2,"s:35:6:37:Infinity":10,"b:35:10:35:25:35:25:35:49":3,"s:36:8:36:Infinity":11,"s:40:4:40:Infinity":12,"f:44:2:44:15":3,"b:45:4:48:Infinity:undefined:undefined:undefined:undefined":4,"s:45:4:48:Infinity":13,"s:46:6:46:Infinity":14,"s:47:6:47:Infinity":15,"f:52:2:52:25":4,"s:53:4:53:Infinity":16,"s:55:4:57:Infinity":17,"f:55:15:55:21":5,"s:56:6:56:Infinity":18,"f:61:2:61:26":6,"s:62:4:62:Infinity":19,"f:66:10:66:29":7,"b:67:4:67:Infinity:undefined:undefined:undefined:undefined":5,"s:67:4:67:Infinity":20,"s:67:26:67:Infinity":21,"s:69:24:69:Infinity":22,"s:70:23:70:Infinity":23,"s:73:26:73:Infinity":24,"s:76:4:76:Infinity":25,"s:77:4:83:Infinity":26,"s:78:6:78:Infinity":27,"s:80:6:82:Infinity":28,"f:80:17:80:23":8,"s:81:8:81:Infinity":29,"f:87:10:87:27":9,"b:88:4:91:Infinity:undefined:undefined:undefined:undefined":6,"s:88:4:91:Infinity":30,"s:90:6:90:Infinity":31,"s:93:33:93:Infinity":32,"s:94:20:97:Infinity":33,"s:99:4:120:Infinity":34,"s:100:25:100:Infinity":35,"s:101:26:101:Infinity":36,"b:103:6:119:Infinity:105:6:119:Infinity":7,"s:103:6:119:Infinity":37,"s:104:8:104:Infinity":38,"b:105:6:119:Infinity:107:6:119:Infinity":8,"s:105:6:119:Infinity":39,"s:106:8:106:Infinity":40,"b:107:6:119:Infinity:109:13:119:Infinity":9,"s:107:6:119:Infinity":41,"s:108:8:108:Infinity":42,"s:111:53:117:Infinity":43,"s:118:8:118:Infinity":44,"s:122:4:122:Infinity":45}}}
,"/Users/leon/Code/levity/packages/core/src/createStore.ts": {"path":"/Users/leon/Code/levity/packages/core/src/createStore.ts","statementMap":{"0":{"start":{"line":11,"column":27},"end":{"line":11,"column":null}},"1":{"start":{"line":12,"column":25},"end":{"line":12,"column":null}},"2":{"start":{"line":13,"column":30},"end":{"line":13,"column":null}},"3":{"start":{"line":14,"column":26},"end":{"line":14,"column":null}},"4":{"start":{"line":22,"column":17},"end":{"line":22,"column":null}},"5":{"start":{"line":23,"column":21},"end":{"line":23,"column":null}},"6":{"start":{"line":24,"column":18},"end":{"line":24,"column":null}},"7":{"start":{"line":25,"column":19},"end":{"line":25,"column":null}},"8":{"start":{"line":26,"column":25},"end":{"line":26,"column":null}},"9":{"start":{"line":29,"column":23},"end":{"line":29,"column":null}},"10":{"start":{"line":31,"column":23},"end":{"line":35,"column":null}},"11":{"start":{"line":37,"column":21},"end":{"line":43,"column":null}},"12":{"start":{"line":45,"column":16},"end":{"line":45,"column":null}},"13":{"start":{"line":49,"column":4},"end":{"line":49,"column":null}},"14":{"start":{"line":49,"column":33},"end":{"line":49,"column":null}},"15":{"start":{"line":51,"column":4},"end":{"line":58,"column":null}},"16":{"start":{"line":52,"column":20},"end":{"line":52,"column":null}},"17":{"start":{"line":53,"column":6},"end":{"line":55,"column":null}},"18":{"start":{"line":54,"column":8},"end":{"line":54,"column":null}},"19":{"start":{"line":63,"column":17},"end":{"line":63,"column":null}},"20":{"start":{"line":64,"column":18},"end":{"line":64,"column":null}},"21":{"start":{"line":65,"column":4},"end":{"line":69,"column":null}},"22":{"start":{"line":74,"column":4},"end":{"line":94,"column":null}},"23":{"start":{"line":75,"column":21},"end":{"line":75,"column":null}},"24":{"start":{"line":76,"column":26},"end":{"line":76,"column":null}},"25":{"start":{"line":78,"column":6},"end":{"line":82,"column":null}},"26":{"start":{"line":80,"column":23},"end":{"line":80,"column":null}},"27":{"start":{"line":81,"column":8},"end":{"line":81,"column":null}},"28":{"start":{"line":85,"column":6},"end":{"line":85,"column":null}},"29":{"start":{"line":86,"column":6},"end":{"line":86,"column":null}},"30":{"start":{"line":89,"column":6},"end":{"line":89,"column":null}},"31":{"start":{"line":91,"column":6},"end":{"line":91,"column":null}},"32":{"start":{"line":93,"column":6},"end":{"line":93,"column":null}},"33":{"start":{"line":98,"column":26},"end":{"line":150,"column":null}},"34":{"start":{"line":100,"column":6},"end":{"line":100,"column":null}},"35":{"start":{"line":104,"column":6},"end":{"line":104,"column":null}},"36":{"start":{"line":109,"column":6},"end":{"line":109,"column":null}},"37":{"start":{"line":110,"column":6},"end":{"line":110,"column":null}},"38":{"start":{"line":113,"column":6},"end":{"line":113,"column":null}},"39":{"start":{"line":114,"column":6},"end":{"line":114,"column":null}},"40":{"start":{"line":115,"column":6},"end":{"line":115,"column":null}},"41":{"start":{"line":118,"column":6},"end":{"line":118,"column":null}},"42":{"start":{"line":123,"column":6},"end":{"line":123,"column":null}},"43":{"start":{"line":124,"column":6},"end":{"line":124,"column":null}},"44":{"start":{"line":127,"column":6},"end":{"line":127,"column":null}},"45":{"start":{"line":128,"column":6},"end":{"line":128,"column":null}},"46":{"start":{"line":129,"column":6},"end":{"line":129,"column":null}},"47":{"start":{"line":132,"column":6},"end":{"line":132,"column":null}},"48":{"start":{"line":136,"column":6},"end":{"line":136,"column":null}},"49":{"start":{"line":140,"column":6},"end":{"line":140,"column":null}},"50":{"start":{"line":148,"column":6},"end":{"line":148,"column":null}},"51":{"start":{"line":152,"column":2},"end":{"line":152,"column":null}}},"fnMap":{"0":{"name":"createStore","decl":{"start":{"line":19,"column":16},"end":{"line":19,"column":null}},"loc":{"start":{"line":21,"column":12},"end":{"line":153,"column":null}},"line":21},"1":{"name":"checkQuota","decl":{"start":{"line":48,"column":17},"end":{"line":48,"column":45}},"loc":{"start":{"line":48,"column":45},"end":{"line":59,"column":null}},"line":48},"2":{"name":"getQuota","decl":{"start":{"line":62,"column":17},"end":{"line":62,"column":48}},"loc":{"start":{"line":62,"column":48},"end":{"line":70,"column":null}},"line":62},"3":{"name":"init","decl":{"start":{"line":73,"column":17},"end":{"line":73,"column":39}},"loc":{"start":{"line":73,"column":39},"end":{"line":95,"column":null}},"line":73},"4":{"name":"(anonymous_4)","decl":{"start":{"line":99,"column":4},"end":{"line":99,"column":27}},"loc":{"start":{"line":99,"column":41},"end":{"line":101,"column":null}},"line":99},"5":{"name":"(anonymous_5)","decl":{"start":{"line":103,"column":4},"end":{"line":103,"column":16}},"loc":{"start":{"line":103,"column":16},"end":{"line":105,"column":null}},"line":103},"6":{"name":"(anonymous_6)","decl":{"start":{"line":107,"column":10},"end":{"line":107,"column":33}},"loc":{"start":{"line":107,"column":69},"end":{"line":119,"column":null}},"line":107},"7":{"name":"(anonymous_7)","decl":{"start":{"line":121,"column":10},"end":{"line":121,"column":17}},"loc":{"start":{"line":121,"column":53},"end":{"line":133,"column":null}},"line":121},"8":{"name":"(anonymous_8)","decl":{"start":{"line":135,"column":4},"end":{"line":135,"column":33}},"loc":{"start":{"line":135,"column":102},"end":{"line":137,"column":null}},"line":135},"9":{"name":"(anonymous_9)","decl":{"start":{"line":139,"column":4},"end":{"line":139,"column":17}},"loc":{"start":{"line":139,"column":27},"end":{"line":141,"column":null}},"line":139},"10":{"name":"(anonymous_10)","decl":{"start":{"line":147,"column":4},"end":{"line":147,"column":23}},"loc":{"start":{"line":147,"column":23},"end":{"line":149,"column":null}},"line":147}},"branchMap":{"0":{"loc":{"start":{"line":22,"column":17},"end":{"line":22,"column":null}},"type":"binary-expr","locations":[{"start":{"line":22,"column":17},"end":{"line":22,"column":35}},{"start":{"line":22,"column":35},"end":{"line":22,"column":null}}],"line":22},"1":{"loc":{"start":{"line":25,"column":19},"end":{"line":25,"column":null}},"type":"binary-expr","locations":[{"start":{"line":25,"column":19},"end":{"line":25,"column":39}},{"start":{"line":25,"column":39},"end":{"line":25,"column":null}}],"line":25},"2":{"loc":{"start":{"line":26,"column":25},"end":{"line":26,"column":null}},"type":"binary-expr","locations":[{"start":{"line":26,"column":25},"end":{"line":26,"column":58}},{"start":{"line":26,"column":58},"end":{"line":26,"column":null}}],"line":26},"3":{"loc":{"start":{"line":49,"column":4},"end":{"line":49,"column":null}},"type":"if","locations":[{"start":{"line":49,"column":4},"end":{"line":49,"column":null}},{"start":{},"end":{}}],"line":49},"4":{"loc":{"start":{"line":53,"column":6},"end":{"line":55,"column":null}},"type":"if","locations":[{"start":{"line":53,"column":6},"end":{"line":55,"column":null}},{"start":{},"end":{}}],"line":53},"5":{"loc":{"start":{"line":78,"column":6},"end":{"line":82,"column":null}},"type":"if","locations":[{"start":{"line":78,"column":6},"end":{"line":82,"column":null}},{"start":{},"end":{}}],"line":78}},"s":{"0":1,"1":1,"2":1,"3":1,"4":8,"5":8,"6":8,"7":8,"8":8,"9":8,"10":8,"11":8,"12":8,"13":13,"14":13,"15":0,"16":0,"17":0,"18":0,"19":1,"20":1,"21":1,"22":8,"23":8,"24":8,"25":8,"26":1,"27":1,"28":8,"29":8,"30":8,"31":0,"32":0,"33":8,"34":7,"35":0,"36":4,"37":4,"38":4,"39":4,"40":4,"41":4,"42":1,"43":1,"44":1,"45":1,"46":1,"47":1,"48":1,"49":0,"50":1,"51":8},"f":{"0":8,"1":13,"2":1,"3":8,"4":7,"5":0,"6":4,"7":1,"8":1,"9":0,"10":1},"b":{"0":[8,7],"1":[8,8],"2":[8,8],"3":[13,0],"4":[0,0],"5":[1,7]},"meta":{"lastBranch":6,"lastFunction":11,"lastStatement":52,"seen":{"s:11:27:11:Infinity":0,"s:12:25:12:Infinity":1,"s:13:30:13:Infinity":2,"s:14:26:14:Infinity":3,"f:19:16:19:Infinity":0,"s:22:17:22:Infinity":4,"b:22:17:22:35:22:35:22:Infinity":0,"s:23:21:23:Infinity":5,"s:24:18:24:Infinity":6,"s:25:19:25:Infinity":7,"b:25:19:25:39:25:39:25:Infinity":1,"s:26:25:26:Infinity":8,"b:26:25:26:58:26:58:26:Infinity":2,"s:29:23:29:Infinity":9,"s:31:23:35:Infinity":10,"s:37:21:43:Infinity":11,"s:45:16:45:Infinity":12,"f:48:17:48:45":1,"b:49:4:49:Infinity:undefined:undefined:undefined:undefined":3,"s:49:4:49:Infinity":13,"s:49:33:49:Infinity":14,"s:51:4:58:Infinity":15,"s:52:20:52:Infinity":16,"b:53:6:55:Infinity:undefined:undefined:undefined:undefined":4,"s:53:6:55:Infinity":17,"s:54:8:54:Infinity":18,"f:62:17:62:48":2,"s:63:17:63:Infinity":19,"s:64:18:64:Infinity":20,"s:65:4:69:Infinity":21,"f:73:17:73:39":3,"s:74:4:94:Infinity":22,"s:75:21:75:Infinity":23,"s:76:26:76:Infinity":24,"b:78:6:82:Infinity:undefined:undefined:undefined:undefined":5,"s:78:6:82:Infinity":25,"s:80:23:80:Infinity":26,"s:81:8:81:Infinity":27,"s:85:6:85:Infinity":28,"s:86:6:86:Infinity":29,"s:89:6:89:Infinity":30,"s:91:6:91:Infinity":31,"s:93:6:93:Infinity":32,"s:98:26:150:Infinity":33,"f:99:4:99:27":4,"s:100:6:100:Infinity":34,"f:103:4:103:16":5,"s:104:6:104:Infinity":35,"f:107:10:107:33":6,"s:109:6:109:Infinity":36,"s:110:6:110:Infinity":37,"s:113:6:113:Infinity":38,"s:114:6:114:Infinity":39,"s:115:6:115:Infinity":40,"s:118:6:118:Infinity":41,"f:121:10:121:17":7,"s:123:6:123:Infinity":42,"s:124:6:124:Infinity":43,"s:127:6:127:Infinity":44,"s:128:6:128:Infinity":45,"s:129:6:129:Infinity":46,"s:132:6:132:Infinity":47,"f:135:4:135:33":8,"s:136:6:136:Infinity":48,"f:139:4:139:17":9,"s:140:6:140:Infinity":49,"f:147:4:147:23":10,"s:148:6:148:Infinity":50,"s:152:2:152:Infinity":51}}}
}
